Using pre-set license
Built from '2020.3/release' branch; Version is '2020.3.1f1 (77a89f25062f) revision 7841951'; Using compiler version '192528614'; Build Type 'Release'
OS: 'Windows 10 Pro; OS build 19042.1110; Version 2009; 64bit' Language: 'ru' Physical Memory: 16333 MB
BatchMode: 1, IsHumanControllingUs: 0, StartBugReporterOnCrash: 0, Is64bit: 1, IsPro: 0

 COMMAND LINE ARGUMENTS:
Z:\Programms\UnityHub\UnityEditors\2020.3.1f1\Editor\Unity.exe
-adb2
-batchMode
-noUpm
-name
AssetImportWorker0
-projectPath
Z:/Unity/TestTask_3
-logFile
Logs/AssetImportWorker0.log
-srvPort
64040
Successfully changed project path to: Z:/Unity/TestTask_3
Z:/Unity/TestTask_3
Using Asset Import Pipeline V2.
Refreshing native plugins compatible for Editor in 32.64 ms, found 0 plugins.
Preloading 0 native plugins for Editor in 0.00 ms.
Initialize engine version: 2020.3.1f1 (77a89f25062f)
[Subsystems] Discovering subsystems at path Z:/Programms/UnityHub/UnityEditors/2020.3.1f1/Editor/Data/Resources/UnitySubsystems
[Subsystems] Discovering subsystems at path Z:/Unity/TestTask_3/Assets
GfxDevice: creating device client; threaded=0
Direct3D:
    Version:  Direct3D 11.0 [level 11.0]
    Renderer: NVIDIA GeForce GTX 760 (ID=0x1187)
    Vendor:   
    VRAM:     2007 MB
    Driver:   27.21.14.6079
Initialize mono
Mono path[0] = 'Z:/Programms/UnityHub/UnityEditors/2020.3.1f1/Editor/Data/Managed'
Mono path[1] = 'Z:/Programms/UnityHub/UnityEditors/2020.3.1f1/Editor/Data/MonoBleedingEdge/lib/mono/unityjit'
Mono config path = 'Z:/Programms/UnityHub/UnityEditors/2020.3.1f1/Editor/Data/MonoBleedingEdge/etc'
Using monoOptions --debugger-agent=transport=dt_socket,embedding=1,server=y,suspend=n,address=127.0.0.1:56484
Begin MonoManager ReloadAssembly
Registering precompiled unity dll's ...
Register platform support module: Z:/Programms/UnityHub/UnityEditors/2020.3.1f1/Editor/Data/PlaybackEngines/WebGLSupport/UnityEditor.WebGL.Extensions.dll
Register platform support module: Z:/Programms/UnityHub/UnityEditors/2020.3.1f1/Editor/Data/PlaybackEngines/WindowsStandaloneSupport/UnityEditor.WindowsStandalone.Extensions.dll
Registered in 0.001576 seconds.
Native extension for WindowsStandalone target not found
Native extension for WebGL target not found
Refreshing native plugins compatible for Editor in 31.35 ms, found 0 plugins.
Preloading 0 native plugins for Editor in 0.00 ms.
Invoked RoslynAnalysisRunner static constructor.
RoslynAnalysisRunner will not be running.
RoslynAnalysisRunner has terminated.
Mono: successfully reloaded assembly
- Completed reload, in  2.531 seconds
Platform modules already initialized, skipping
Registering precompiled user dll's ...
Registered in 0.002868 seconds.
Begin MonoManager ReloadAssembly
Native extension for WindowsStandalone target not found
Native extension for WebGL target not found
Refreshing native plugins compatible for Editor in 0.57 ms, found 0 plugins.
Preloading 0 native plugins for Editor in 0.00 ms.
Invoked RoslynAnalysisRunner static constructor.
RoslynAnalysisRunner will not be running.
RoslynAnalysisRunner has terminated.
Mono: successfully reloaded assembly
- Completed reload, in  1.143 seconds
Platform modules already initialized, skipping
========================================================================
Worker process is ready to serve import requests
Launched and connected shader compiler UnityShaderCompiler.exe after 0.07 seconds
Refreshing native plugins compatible for Editor in 0.25 ms, found 0 plugins.
Preloading 0 native plugins for Editor in 0.00 ms.
Unloading 1173 Unused Serialized files (Serialized files now loaded: 0)
System memory in use before: 131.1 MB.
System memory in use after: 131.2 MB.

Unloading 9 unused Assets to reduce memory usage. Loaded Objects now: 1619.
Total: 2.237000 ms (FindLiveObjects: 0.184500 ms CreateObjectMapping: 0.051100 ms MarkObjects: 1.907000 ms  DeleteObjects: 0.093000 ms)

========================================================================
Received Import Request.
  path: Assets/Scenes/SampleScene.unity
  artifactKey: Guid(9fc0d4010bbf28b4594072e72b8655ab) Importer(815301076,1909f56bfc062723c751e8b465ee728b)
Start importing Assets/Scenes/SampleScene.unity using Guid(9fc0d4010bbf28b4594072e72b8655ab) Importer(815301076,1909f56bfc062723c751e8b465ee728b)  -> (artifact id: '7ab4ce1b2f6ab9ad5caed48750fdcc5f') in 0.024593 seconds
  Import took 0.027468 seconds .

========================================================================
Received Import Request.
  Time since last request: 2.009227 seconds.
  path: Assets/Scenes/SampleScene.unity
  artifactKey: Guid(9fc0d4010bbf28b4594072e72b8655ab) Importer(815301076,1909f56bfc062723c751e8b465ee728b)
Start importing Assets/Scenes/SampleScene.unity using Guid(9fc0d4010bbf28b4594072e72b8655ab) Importer(815301076,1909f56bfc062723c751e8b465ee728b)  -> (artifact id: '7ab4ce1b2f6ab9ad5caed48750fdcc5f') in 0.002714 seconds
  Import took 0.005215 seconds .

========================================================================
Received Prepare
Registering precompiled user dll's ...
Registered in 0.000644 seconds.
Begin MonoManager ReloadAssembly
Native extension for WindowsStandalone target not found
Native extension for WebGL target not found
Refreshing native plugins compatible for Editor in 0.27 ms, found 0 plugins.
Preloading 0 native plugins for Editor in 0.00 ms.
Invoked RoslynAnalysisRunner static constructor.
RoslynAnalysisRunner will not be running.
RoslynAnalysisRunner has terminated.
Mono: successfully reloaded assembly
- Completed reload, in  0.980 seconds
Platform modules already initialized, skipping
Refreshing native plugins compatible for Editor in 0.28 ms, found 0 plugins.
Preloading 0 native plugins for Editor in 0.00 ms.
Unloading 1155 Unused Serialized files (Serialized files now loaded: 0)
System memory in use before: 130.1 MB.
System memory in use after: 130.2 MB.

Unloading 5 unused Assets to reduce memory usage. Loaded Objects now: 1622.
Total: 2.052200 ms (FindLiveObjects: 0.173400 ms CreateObjectMapping: 0.080700 ms MarkObjects: 1.647800 ms  DeleteObjects: 0.147900 ms)

========================================================================
Received Prepare
Registering precompiled user dll's ...
Registered in 0.000651 seconds.
Begin MonoManager ReloadAssembly
Native extension for WindowsStandalone target not found
Native extension for WebGL target not found
Refreshing native plugins compatible for Editor in 0.28 ms, found 0 plugins.
Preloading 0 native plugins for Editor in 0.00 ms.
Invoked RoslynAnalysisRunner static constructor.
RoslynAnalysisRunner will not be running.
RoslynAnalysisRunner has terminated.
Mono: successfully reloaded assembly
- Completed reload, in  0.987 seconds
Platform modules already initialized, skipping
Refreshing native plugins compatible for Editor in 0.26 ms, found 0 plugins.
Preloading 0 native plugins for Editor in 0.00 ms.
Unloading 1155 Unused Serialized files (Serialized files now loaded: 0)
System memory in use before: 130.1 MB.
System memory in use after: 130.2 MB.

Unloading 5 unused Assets to reduce memory usage. Loaded Objects now: 1625.
Total: 2.609000 ms (FindLiveObjects: 0.175400 ms CreateObjectMapping: 0.046900 ms MarkObjects: 2.292700 ms  DeleteObjects: 0.084300 ms)

========================================================================
Received Prepare
Registering precompiled user dll's ...
Registered in 0.000762 seconds.
Begin MonoManager ReloadAssembly
Native extension for WindowsStandalone target not found
Native extension for WebGL target not found
Refreshing native plugins compatible for Editor in 0.26 ms, found 0 plugins.
Preloading 0 native plugins for Editor in 0.00 ms.
Invoked RoslynAnalysisRunner static constructor.
RoslynAnalysisRunner will not be running.
RoslynAnalysisRunner has terminated.
Mono: successfully reloaded assembly
- Completed reload, in  0.989 seconds
Platform modules already initialized, skipping
Refreshing native plugins compatible for Editor in 0.26 ms, found 0 plugins.
Preloading 0 native plugins for Editor in 0.00 ms.
Unloading 1155 Unused Serialized files (Serialized files now loaded: 0)
System memory in use before: 130.1 MB.
System memory in use after: 130.2 MB.

Unloading 5 unused Assets to reduce memory usage. Loaded Objects now: 1628.
Total: 1.904300 ms (FindLiveObjects: 0.161100 ms CreateObjectMapping: 0.045200 ms MarkObjects: 1.618400 ms  DeleteObjects: 0.078300 ms)

========================================================================
Received Prepare
Registering precompiled user dll's ...
Registered in 0.000650 seconds.
Begin MonoManager ReloadAssembly
Native extension for WindowsStandalone target not found
Native extension for WebGL target not found
Refreshing native plugins compatible for Editor in 0.28 ms, found 0 plugins.
Preloading 0 native plugins for Editor in 0.00 ms.
Invoked RoslynAnalysisRunner static constructor.
RoslynAnalysisRunner will not be running.
RoslynAnalysisRunner has terminated.
Mono: successfully reloaded assembly
- Completed reload, in  1.281 seconds
Platform modules already initialized, skipping
Refreshing native plugins compatible for Editor in 0.30 ms, found 0 plugins.
Preloading 0 native plugins for Editor in 0.00 ms.
Unloading 1155 Unused Serialized files (Serialized files now loaded: 0)
System memory in use before: 130.2 MB.
System memory in use after: 130.2 MB.

Unloading 5 unused Assets to reduce memory usage. Loaded Objects now: 1631.
Total: 1.977100 ms (FindLiveObjects: 0.144300 ms CreateObjectMapping: 0.046900 ms MarkObjects: 1.695600 ms  DeleteObjects: 0.088400 ms)

========================================================================
Received Prepare
Registering precompiled user dll's ...
Registered in 0.000676 seconds.
Begin MonoManager ReloadAssembly
Native extension for WindowsStandalone target not found
Native extension for WebGL target not found
Refreshing native plugins compatible for Editor in 0.26 ms, found 0 plugins.
Preloading 0 native plugins for Editor in 0.00 ms.
Invoked RoslynAnalysisRunner static constructor.
RoslynAnalysisRunner will not be running.
RoslynAnalysisRunner has terminated.
Mono: successfully reloaded assembly
- Completed reload, in  0.971 seconds
Platform modules already initialized, skipping
Refreshing native plugins compatible for Editor in 0.27 ms, found 0 plugins.
Preloading 0 native plugins for Editor in 0.00 ms.
Unloading 1155 Unused Serialized files (Serialized files now loaded: 0)
System memory in use before: 130.2 MB.
System memory in use after: 130.2 MB.

Unloading 5 unused Assets to reduce memory usage. Loaded Objects now: 1634.
Total: 2.247700 ms (FindLiveObjects: 0.226600 ms CreateObjectMapping: 0.048500 ms MarkObjects: 1.904300 ms  DeleteObjects: 0.066500 ms)

========================================================================
Received Prepare
Registering precompiled user dll's ...
Registered in 0.000719 seconds.
Begin MonoManager ReloadAssembly
Native extension for WindowsStandalone target not found
Native extension for WebGL target not found
Refreshing native plugins compatible for Editor in 0.26 ms, found 0 plugins.
Preloading 0 native plugins for Editor in 0.00 ms.
Invoked RoslynAnalysisRunner static constructor.
RoslynAnalysisRunner will not be running.
RoslynAnalysisRunner has terminated.
Mono: successfully reloaded assembly
- Completed reload, in  0.971 seconds
Platform modules already initialized, skipping
Refreshing native plugins compatible for Editor in 0.26 ms, found 0 plugins.
Preloading 0 native plugins for Editor in 0.00 ms.
Unloading 1155 Unused Serialized files (Serialized files now loaded: 0)
System memory in use before: 130.2 MB.
System memory in use after: 130.2 MB.

Unloading 5 unused Assets to reduce memory usage. Loaded Objects now: 1637.
Total: 2.140100 ms (FindLiveObjects: 0.169400 ms CreateObjectMapping: 0.059900 ms MarkObjects: 1.826100 ms  DeleteObjects: 0.083200 ms)

========================================================================
Received Import Request.
  Time since last request: 5712.220307 seconds.
  path: Assets/Prefabs/squareMain.prefab
  artifactKey: Guid(60559c42d12092c4a8dc59c2ed2bf821) Importer(815301076,1909f56bfc062723c751e8b465ee728b)
Start importing Assets/Prefabs/squareMain.prefab using Guid(60559c42d12092c4a8dc59c2ed2bf821) Importer(815301076,1909f56bfc062723c751e8b465ee728b)  -> (artifact id: '1774dc5ae781afadb2a29027419cbea6') in 0.246339 seconds
  Import took 0.249249 seconds .

========================================================================
Received Prepare
Registering precompiled user dll's ...
Registered in 0.000605 seconds.
Begin MonoManager ReloadAssembly
Native extension for WindowsStandalone target not found
Native extension for WebGL target not found
Refreshing native plugins compatible for Editor in 0.28 ms, found 0 plugins.
Preloading 0 native plugins for Editor in 0.00 ms.
Invoked RoslynAnalysisRunner static constructor.
RoslynAnalysisRunner will not be running.
RoslynAnalysisRunner has terminated.
Mono: successfully reloaded assembly
- Completed reload, in  1.587 seconds
Platform modules already initialized, skipping
Refreshing native plugins compatible for Editor in 0.27 ms, found 0 plugins.
Preloading 0 native plugins for Editor in 0.00 ms.
Unloading 1155 Unused Serialized files (Serialized files now loaded: 0)
System memory in use before: 133.3 MB.
System memory in use after: 133.4 MB.

Unloading 5 unused Assets to reduce memory usage. Loaded Objects now: 1647.
Total: 2.157700 ms (FindLiveObjects: 0.246200 ms CreateObjectMapping: 0.059900 ms MarkObjects: 1.775700 ms  DeleteObjects: 0.065600 ms)

========================================================================
Received Prepare
Registering precompiled user dll's ...
Registered in 0.000652 seconds.
Begin MonoManager ReloadAssembly
Native extension for WindowsStandalone target not found
Native extension for WebGL target not found
Refreshing native plugins compatible for Editor in 0.26 ms, found 0 plugins.
Preloading 0 native plugins for Editor in 0.00 ms.
Invoked RoslynAnalysisRunner static constructor.
RoslynAnalysisRunner will not be running.
RoslynAnalysisRunner has terminated.
Mono: successfully reloaded assembly
- Completed reload, in  0.926 seconds
Platform modules already initialized, skipping
Refreshing native plugins compatible for Editor in 0.27 ms, found 0 plugins.
Preloading 0 native plugins for Editor in 0.00 ms.
Unloading 1155 Unused Serialized files (Serialized files now loaded: 0)
System memory in use before: 133.3 MB.
System memory in use after: 133.4 MB.

Unloading 5 unused Assets to reduce memory usage. Loaded Objects now: 1650.
Total: 1.950400 ms (FindLiveObjects: 0.161800 ms CreateObjectMapping: 0.056300 ms MarkObjects: 1.664700 ms  DeleteObjects: 0.066100 ms)

========================================================================
Received Import Request.
  Time since last request: 347.025751 seconds.
  path: Assets/Prefabs/squareMain.prefab
  artifactKey: Guid(60559c42d12092c4a8dc59c2ed2bf821) Importer(815301076,1909f56bfc062723c751e8b465ee728b)
Start importing Assets/Prefabs/squareMain.prefab using Guid(60559c42d12092c4a8dc59c2ed2bf821) Importer(815301076,1909f56bfc062723c751e8b465ee728b)  -> (artifact id: '7b04151060bd42ab6bc404620dc677d6') in 0.079767 seconds
  Import took 0.082717 seconds .

========================================================================
Received Import Request.
  Time since last request: 0.846915 seconds.
  path: Assets/Prefabs/squareMain.prefab
  artifactKey: Guid(60559c42d12092c4a8dc59c2ed2bf821) Importer(815301076,1909f56bfc062723c751e8b465ee728b)
Start importing Assets/Prefabs/squareMain.prefab using Guid(60559c42d12092c4a8dc59c2ed2bf821) Importer(815301076,1909f56bfc062723c751e8b465ee728b)  -> (artifact id: '1f8183af13b15ebe1a53975b308dbe22') in 0.017536 seconds
  Import took 0.020622 seconds .

========================================================================
Received Import Request.
  Time since last request: 2.224829 seconds.
  path: Assets/Prefabs/squareMain.prefab
  artifactKey: Guid(60559c42d12092c4a8dc59c2ed2bf821) Importer(815301076,1909f56bfc062723c751e8b465ee728b)
Start importing Assets/Prefabs/squareMain.prefab using Guid(60559c42d12092c4a8dc59c2ed2bf821) Importer(815301076,1909f56bfc062723c751e8b465ee728b)  -> (artifact id: 'd9fdde8b830a2a60df96af1762c4f55a') in 0.016840 seconds
  Import took 0.020213 seconds .

========================================================================
Received Prepare
Registering precompiled user dll's ...
Registered in 0.000755 seconds.
Begin MonoManager ReloadAssembly
Native extension for WindowsStandalone target not found
Native extension for WebGL target not found
Refreshing native plugins compatible for Editor in 0.27 ms, found 0 plugins.
Preloading 0 native plugins for Editor in 0.00 ms.
Invoked RoslynAnalysisRunner static constructor.
RoslynAnalysisRunner will not be running.
RoslynAnalysisRunner has terminated.
Mono: successfully reloaded assembly
- Completed reload, in  1.018 seconds
Platform modules already initialized, skipping
Refreshing native plugins compatible for Editor in 0.29 ms, found 0 plugins.
Preloading 0 native plugins for Editor in 0.00 ms.
Unloading 1155 Unused Serialized files (Serialized files now loaded: 0)
System memory in use before: 133.3 MB.
System memory in use after: 133.4 MB.

Unloading 5 unused Assets to reduce memory usage. Loaded Objects now: 1654.
Total: 2.091100 ms (FindLiveObjects: 0.205300 ms CreateObjectMapping: 0.048400 ms MarkObjects: 1.719300 ms  DeleteObjects: 0.116600 ms)

========================================================================
Received Prepare
Registering precompiled user dll's ...
Registered in 0.000638 seconds.
Begin MonoManager ReloadAssembly
Native extension for WindowsStandalone target not found
Native extension for WebGL target not found
Refreshing native plugins compatible for Editor in 0.26 ms, found 0 plugins.
Preloading 0 native plugins for Editor in 0.00 ms.
Invoked RoslynAnalysisRunner static constructor.
RoslynAnalysisRunner will not be running.
RoslynAnalysisRunner has terminated.
Mono: successfully reloaded assembly
- Completed reload, in  0.999 seconds
Platform modules already initialized, skipping
Refreshing native plugins compatible for Editor in 0.27 ms, found 0 plugins.
Preloading 0 native plugins for Editor in 0.00 ms.
Unloading 1155 Unused Serialized files (Serialized files now loaded: 0)
System memory in use before: 133.3 MB.
System memory in use after: 133.4 MB.

Unloading 5 unused Assets to reduce memory usage. Loaded Objects now: 1657.
Total: 2.447800 ms (FindLiveObjects: 0.166100 ms CreateObjectMapping: 0.051400 ms MarkObjects: 2.133900 ms  DeleteObjects: 0.095000 ms)

========================================================================
Received Prepare
Registering precompiled user dll's ...
Registered in 0.000694 seconds.
Begin MonoManager ReloadAssembly
Native extension for WindowsStandalone target not found
Native extension for WebGL target not found
Refreshing native plugins compatible for Editor in 0.35 ms, found 0 plugins.
Preloading 0 native plugins for Editor in 0.00 ms.
Invoked RoslynAnalysisRunner static constructor.
RoslynAnalysisRunner will not be running.
RoslynAnalysisRunner has terminated.
Mono: successfully reloaded assembly
- Completed reload, in  0.972 seconds
Platform modules already initialized, skipping
Refreshing native plugins compatible for Editor in 0.27 ms, found 0 plugins.
Preloading 0 native plugins for Editor in 0.00 ms.
Unloading 1155 Unused Serialized files (Serialized files now loaded: 0)
System memory in use before: 133.3 MB.
System memory in use after: 133.4 MB.

Unloading 5 unused Assets to reduce memory usage. Loaded Objects now: 1660.
Total: 1.918800 ms (FindLiveObjects: 0.152100 ms CreateObjectMapping: 0.046700 ms MarkObjects: 1.643700 ms  DeleteObjects: 0.074700 ms)

========================================================================
Received Prepare
Registering precompiled user dll's ...
Registered in 0.000671 seconds.
Begin MonoManager ReloadAssembly
Native extension for WindowsStandalone target not found
Native extension for WebGL target not found
Refreshing native plugins compatible for Editor in 0.27 ms, found 0 plugins.
Preloading 0 native plugins for Editor in 0.00 ms.
Invoked RoslynAnalysisRunner static constructor.
RoslynAnalysisRunner will not be running.
RoslynAnalysisRunner has terminated.
Mono: successfully reloaded assembly
- Completed reload, in  0.991 seconds
Platform modules already initialized, skipping
Refreshing native plugins compatible for Editor in 0.28 ms, found 0 plugins.
Preloading 0 native plugins for Editor in 0.00 ms.
Unloading 1155 Unused Serialized files (Serialized files now loaded: 0)
System memory in use before: 133.4 MB.
System memory in use after: 133.4 MB.

Unloading 5 unused Assets to reduce memory usage. Loaded Objects now: 1663.
Total: 2.023700 ms (FindLiveObjects: 0.171300 ms CreateObjectMapping: 0.048900 ms MarkObjects: 1.725900 ms  DeleteObjects: 0.075700 ms)

========================================================================
Received Prepare
Registering precompiled user dll's ...
Registered in 0.000641 seconds.
Begin MonoManager ReloadAssembly
Native extension for WindowsStandalone target not found
Native extension for WebGL target not found
Refreshing native plugins compatible for Editor in 0.31 ms, found 0 plugins.
Preloading 0 native plugins for Editor in 0.00 ms.
Invoked RoslynAnalysisRunner static constructor.
RoslynAnalysisRunner will not be running.
RoslynAnalysisRunner has terminated.
Mono: successfully reloaded assembly
- Completed reload, in  0.971 seconds
Platform modules already initialized, skipping
Refreshing native plugins compatible for Editor in 0.26 ms, found 0 plugins.
Preloading 0 native plugins for Editor in 0.00 ms.
Unloading 1155 Unused Serialized files (Serialized files now loaded: 0)
System memory in use before: 133.4 MB.
System memory in use after: 133.4 MB.

Unloading 5 unused Assets to reduce memory usage. Loaded Objects now: 1666.
Total: 2.170600 ms (FindLiveObjects: 0.178200 ms CreateObjectMapping: 0.045100 ms MarkObjects: 1.869500 ms  DeleteObjects: 0.076400 ms)

========================================================================
Received Prepare
Registering precompiled user dll's ...
Registered in 0.000716 seconds.
Begin MonoManager ReloadAssembly
Native extension for WindowsStandalone target not found
Native extension for WebGL target not found
Refreshing native plugins compatible for Editor in 0.26 ms, found 0 plugins.
Preloading 0 native plugins for Editor in 0.00 ms.
Invoked RoslynAnalysisRunner static constructor.
RoslynAnalysisRunner will not be running.
RoslynAnalysisRunner has terminated.
Mono: successfully reloaded assembly
- Completed reload, in  0.971 seconds
Platform modules already initialized, skipping
Refreshing native plugins compatible for Editor in 0.27 ms, found 0 plugins.
Preloading 0 native plugins for Editor in 0.00 ms.
Unloading 1155 Unused Serialized files (Serialized files now loaded: 0)
System memory in use before: 133.4 MB.
System memory in use after: 133.4 MB.

Unloading 5 unused Assets to reduce memory usage. Loaded Objects now: 1669.
Total: 2.478000 ms (FindLiveObjects: 0.231700 ms CreateObjectMapping: 0.104500 ms MarkObjects: 2.054900 ms  DeleteObjects: 0.085300 ms)

========================================================================
Received Prepare
Registering precompiled user dll's ...
Registered in 0.000686 seconds.
Begin MonoManager ReloadAssembly
Native extension for WindowsStandalone target not found
Native extension for WebGL target not found
Refreshing native plugins compatible for Editor in 0.25 ms, found 0 plugins.
Preloading 0 native plugins for Editor in 0.00 ms.
Invoked RoslynAnalysisRunner static constructor.
RoslynAnalysisRunner will not be running.
RoslynAnalysisRunner has terminated.
Mono: successfully reloaded assembly
- Completed reload, in  0.962 seconds
Platform modules already initialized, skipping
Refreshing native plugins compatible for Editor in 0.28 ms, found 0 plugins.
Preloading 0 native plugins for Editor in 0.00 ms.
Unloading 1155 Unused Serialized files (Serialized files now loaded: 0)
System memory in use before: 133.4 MB.
System memory in use after: 133.4 MB.

Unloading 5 unused Assets to reduce memory usage. Loaded Objects now: 1672.
Total: 1.985600 ms (FindLiveObjects: 0.163600 ms CreateObjectMapping: 0.044900 ms MarkObjects: 1.710600 ms  DeleteObjects: 0.065400 ms)

========================================================================
Received Import Request.
  Time since last request: 573.677775 seconds.
  path: Assets/Scenes/SampleScene.unity
  artifactKey: Guid(9fc0d4010bbf28b4594072e72b8655ab) Importer(815301076,1909f56bfc062723c751e8b465ee728b)
Start importing Assets/Scenes/SampleScene.unity using Guid(9fc0d4010bbf28b4594072e72b8655ab) Importer(815301076,1909f56bfc062723c751e8b465ee728b)  -> (artifact id: 'baca3fa2a57436f08a85779503cf77cb') in 0.042846 seconds
  Import took 0.046327 seconds .

========================================================================
Received Import Request.
  Time since last request: 9.072935 seconds.
  path: Assets/Scenes/MainGame.unity
  artifactKey: Guid(9fc0d4010bbf28b4594072e72b8655ab) Importer(815301076,1909f56bfc062723c751e8b465ee728b)
Start importing Assets/Scenes/MainGame.unity using Guid(9fc0d4010bbf28b4594072e72b8655ab) Importer(815301076,1909f56bfc062723c751e8b465ee728b)  -> (artifact id: 'c79e6b9ed0c35f351502663385d2246a') in 0.039863 seconds
  Import took 0.044720 seconds .

========================================================================
Received Import Request.
  Time since last request: 18.399874 seconds.
  path: Assets/Media/GameData
  artifactKey: Guid(8126b5b1223969846b924e172cde877e) Importer(815301076,1909f56bfc062723c751e8b465ee728b)
Start importing Assets/Media/GameData using Guid(8126b5b1223969846b924e172cde877e) Importer(815301076,1909f56bfc062723c751e8b465ee728b)  -> (artifact id: '5729e28abca7cf53b813df1fc7a6bc00') in 0.010393 seconds
  Import took 0.012926 seconds .

========================================================================
Received Import Request.
  Time since last request: 2.166122 seconds.
  path: Assets/Media/LC_letters_1.png
  artifactKey: Guid(aca78727d5acd1c4eacd856811cd3a07) Importer(815301076,1909f56bfc062723c751e8b465ee728b)
Start importing Assets/Media/LC_letters_1.png using Guid(aca78727d5acd1c4eacd856811cd3a07) Importer(815301076,1909f56bfc062723c751e8b465ee728b)  -> (artifact id: 'b4f83c49bac2bb56de82f88f8b46d23c') in 0.129295 seconds
  Import took 0.132307 seconds .

========================================================================
Received Import Request.
  Time since last request: 7.887403 seconds.
  path: Assets/Media/backRainbow.png
  artifactKey: Guid(0853d2332bdb1874e8bfc5376e1b3d47) Importer(815301076,1909f56bfc062723c751e8b465ee728b)
Start importing Assets/Media/backRainbow.png using Guid(0853d2332bdb1874e8bfc5376e1b3d47) Importer(815301076,1909f56bfc062723c751e8b465ee728b)  -> (artifact id: '95b854d8af46fa437f27e5634144ba30') in 0.023817 seconds
  Import took 0.026658 seconds .

========================================================================
Received Import Request.
  Time since last request: 7.104189 seconds.
  path: Assets/Media/etc
  artifactKey: Guid(48e210364b8a13f4a977071bcba8acd2) Importer(815301076,1909f56bfc062723c751e8b465ee728b)
Start importing Assets/Media/etc using Guid(48e210364b8a13f4a977071bcba8acd2) Importer(815301076,1909f56bfc062723c751e8b465ee728b)  -> (artifact id: '986db105b84d3634b91fd1bc896c9d3c') in 0.019283 seconds
  Import took 0.034999 seconds .

========================================================================
Received Import Request.
  Time since last request: 3.502890 seconds.
  path: Assets/Media/star.png
  artifactKey: Guid(647d83ae30f419047b187dd3414f927c) Importer(815301076,1909f56bfc062723c751e8b465ee728b)
Start importing Assets/Media/star.png using Guid(647d83ae30f419047b187dd3414f927c) Importer(815301076,1909f56bfc062723c751e8b465ee728b)  -> (artifact id: 'aa50fa10aa595605cbdb381f5b919ec6') in 0.019544 seconds
  Import took 0.022386 seconds .

========================================================================
Received Import Request.
  Time since last request: 6.639191 seconds.
  path: Assets/Media/Particle
  artifactKey: Guid(7a6ff50eedc970546b292324eead1353) Importer(815301076,1909f56bfc062723c751e8b465ee728b)
Start importing Assets/Media/Particle using Guid(7a6ff50eedc970546b292324eead1353) Importer(815301076,1909f56bfc062723c751e8b465ee728b)  -> (artifact id: 'bbadcb02ec0f649746fe0a9f18e1be64') in 0.009888 seconds
  Import took 0.012663 seconds .

========================================================================
Received Import Request.
  Time since last request: 4.223736 seconds.
  path: Assets/Media/Letter_By_Sound_Icons.png
  artifactKey: Guid(610b0d982593e0a4089c3ea8f2a6e958) Importer(815301076,1909f56bfc062723c751e8b465ee728b)
Start importing Assets/Media/Letter_By_Sound_Icons.png using Guid(610b0d982593e0a4089c3ea8f2a6e958) Importer(815301076,1909f56bfc062723c751e8b465ee728b)  -> (artifact id: '8b9a91101c4c77126f072d001be828c6') in 0.030669 seconds
  Import took 0.033297 seconds .

========================================================================
Received Import Request.
  Time since last request: 2.557481 seconds.
  path: Assets/Media/General_Circle_256.png
  artifactKey: Guid(7ad27e661ee13df49a20c318c625e2bd) Importer(815301076,1909f56bfc062723c751e8b465ee728b)
Start importing Assets/Media/General_Circle_256.png using Guid(7ad27e661ee13df49a20c318c625e2bd) Importer(815301076,1909f56bfc062723c751e8b465ee728b)  -> (artifact id: 'b1a7d76df17161eac31771df696ef5b5') in 0.017285 seconds
  Import took 0.020205 seconds .

========================================================================
Received Import Request.
  Time since last request: 12.475448 seconds.
  path: Assets/Media/Background
  artifactKey: Guid(0814f3a4a53fff94d8799aa7bcbdfc98) Importer(815301076,1909f56bfc062723c751e8b465ee728b)
Start importing Assets/Media/Background using Guid(0814f3a4a53fff94d8799aa7bcbdfc98) Importer(815301076,1909f56bfc062723c751e8b465ee728b)  -> (artifact id: '6e5999926f36c2075810b65776f29651') in 0.012126 seconds
  Import took 0.015208 seconds .

========================================================================
Received Import Request.
  Time since last request: 22.096373 seconds.
  path: Assets/Scripts/UI
  artifactKey: Guid(81c9b10814c3540408b3c9ebf0a7337d) Importer(815301076,1909f56bfc062723c751e8b465ee728b)
Start importing Assets/Scripts/UI using Guid(81c9b10814c3540408b3c9ebf0a7337d) Importer(815301076,1909f56bfc062723c751e8b465ee728b)  -> (artifact id: 'f6aed0f1c96603c46400b6158db2cb21') in 0.009720 seconds
  Import took 0.012861 seconds .

========================================================================
Received Prepare
Registering precompiled user dll's ...
Registered in 0.001088 seconds.
Begin MonoManager ReloadAssembly
Native extension for WindowsStandalone target not found
Native extension for WebGL target not found
Refreshing native plugins compatible for Editor in 0.28 ms, found 0 plugins.
Preloading 0 native plugins for Editor in 0.00 ms.
Invoked RoslynAnalysisRunner static constructor.
RoslynAnalysisRunner will not be running.
RoslynAnalysisRunner has terminated.
Mono: successfully reloaded assembly
- Completed reload, in  1.328 seconds
Platform modules already initialized, skipping
Refreshing native plugins compatible for Editor in 0.26 ms, found 0 plugins.
Preloading 0 native plugins for Editor in 0.00 ms.
Unloading 1155 Unused Serialized files (Serialized files now loaded: 0)
System memory in use before: 133.4 MB.
System memory in use after: 133.5 MB.

Unloading 5 unused Assets to reduce memory usage. Loaded Objects now: 1712.
Total: 2.334000 ms (FindLiveObjects: 0.219800 ms CreateObjectMapping: 0.055000 ms MarkObjects: 1.977400 ms  DeleteObjects: 0.080600 ms)

========================================================================
Received Import Request.
  Time since last request: 16.742031 seconds.
  path: Assets/Scripts/GameScripts
  artifactKey: Guid(6b12466b19965f24284e1804ee8b0f96) Importer(815301076,1909f56bfc062723c751e8b465ee728b)
Start importing Assets/Scripts/GameScripts using Guid(6b12466b19965f24284e1804ee8b0f96) Importer(815301076,1909f56bfc062723c751e8b465ee728b)  -> (artifact id: '81984090a7ae08abc50eafa6c93d9519') in 0.014715 seconds
  Import took 0.017745 seconds .

========================================================================
Received Prepare
Registering precompiled user dll's ...
Registered in 0.000654 seconds.
Begin MonoManager ReloadAssembly
Native extension for WindowsStandalone target not found
Native extension for WebGL target not found
Refreshing native plugins compatible for Editor in 0.26 ms, found 0 plugins.
Preloading 0 native plugins for Editor in 0.00 ms.
Invoked RoslynAnalysisRunner static constructor.
RoslynAnalysisRunner will not be running.
RoslynAnalysisRunner has terminated.
Mono: successfully reloaded assembly
- Completed reload, in  1.038 seconds
Platform modules already initialized, skipping
Refreshing native plugins compatible for Editor in 0.27 ms, found 0 plugins.
Preloading 0 native plugins for Editor in 0.00 ms.
Unloading 1155 Unused Serialized files (Serialized files now loaded: 0)
System memory in use before: 133.5 MB.
System memory in use after: 133.5 MB.

Unloading 5 unused Assets to reduce memory usage. Loaded Objects now: 1715.
Total: 2.043200 ms (FindLiveObjects: 0.172600 ms CreateObjectMapping: 0.048200 ms MarkObjects: 1.751400 ms  DeleteObjects: 0.069600 ms)

========================================================================
Received Import Request.
  Time since last request: 8.223929 seconds.
  path: Assets/Scripts/SetValue.cs
  artifactKey: Guid(e832d8c4a2b8d61429cc807510ea47bc) Importer(815301076,1909f56bfc062723c751e8b465ee728b)
Start importing Assets/Scripts/SetValue.cs using Guid(e832d8c4a2b8d61429cc807510ea47bc) Importer(815301076,1909f56bfc062723c751e8b465ee728b)  -> (artifact id: 'bd113a00a58986494325c0a2ece016c3') in 0.013284 seconds
  Import took 0.016009 seconds .

========================================================================
Received Prepare
Registering precompiled user dll's ...
Registered in 0.000659 seconds.
Begin MonoManager ReloadAssembly
Native extension for WindowsStandalone target not found
Native extension for WebGL target not found
Refreshing native plugins compatible for Editor in 0.31 ms, found 0 plugins.
Preloading 0 native plugins for Editor in 0.00 ms.
Invoked RoslynAnalysisRunner static constructor.
RoslynAnalysisRunner will not be running.
RoslynAnalysisRunner has terminated.
Mono: successfully reloaded assembly
- Completed reload, in  0.966 seconds
Platform modules already initialized, skipping
Refreshing native plugins compatible for Editor in 0.27 ms, found 0 plugins.
Preloading 0 native plugins for Editor in 0.00 ms.
Unloading 1155 Unused Serialized files (Serialized files now loaded: 0)
System memory in use before: 133.5 MB.
System memory in use after: 133.5 MB.

Unloading 5 unused Assets to reduce memory usage. Loaded Objects now: 1718.
Total: 2.043000 ms (FindLiveObjects: 0.195000 ms CreateObjectMapping: 0.074300 ms MarkObjects: 1.694200 ms  DeleteObjects: 0.078300 ms)

========================================================================
Received Import Request.
  Time since last request: 14.594602 seconds.
  path: Assets/Scripts/DataScripts/GameData
  artifactKey: Guid(9cb98085f1a44394a9e730e569511f12) Importer(815301076,1909f56bfc062723c751e8b465ee728b)
Start importing Assets/Scripts/DataScripts/GameData using Guid(9cb98085f1a44394a9e730e569511f12) Importer(815301076,1909f56bfc062723c751e8b465ee728b)  -> (artifact id: '50728e6c4d47b1a47957afeea4768a68') in 0.012707 seconds
  Import took 0.016491 seconds .

========================================================================
Received Import Request.
  Time since last request: 23.986245 seconds.
  path: Assets/Scripts/HelpFunc
  artifactKey: Guid(16bbd4ae6e9a0a644aaedcb0adebe326) Importer(815301076,1909f56bfc062723c751e8b465ee728b)
Start importing Assets/Scripts/HelpFunc using Guid(16bbd4ae6e9a0a644aaedcb0adebe326) Importer(815301076,1909f56bfc062723c751e8b465ee728b)  -> (artifact id: '165212abcee10bd144a07f8ef953e2e9') in 0.009479 seconds
  Import took 0.012682 seconds .

========================================================================
Received Prepare
Registering precompiled user dll's ...
Registered in 0.000658 seconds.
Begin MonoManager ReloadAssembly
Native extension for WindowsStandalone target not found
Native extension for WebGL target not found
Refreshing native plugins compatible for Editor in 0.27 ms, found 0 plugins.
Preloading 0 native plugins for Editor in 0.00 ms.
Invoked RoslynAnalysisRunner static constructor.
RoslynAnalysisRunner will not be running.
RoslynAnalysisRunner has terminated.
Mono: successfully reloaded assembly
- Completed reload, in  0.949 seconds
Platform modules already initialized, skipping
Refreshing native plugins compatible for Editor in 0.28 ms, found 0 plugins.
Preloading 0 native plugins for Editor in 0.00 ms.
Unloading 1155 Unused Serialized files (Serialized files now loaded: 0)
System memory in use before: 133.5 MB.
System memory in use after: 133.5 MB.

Unloading 5 unused Assets to reduce memory usage. Loaded Objects now: 1721.
Total: 2.235200 ms (FindLiveObjects: 0.213500 ms CreateObjectMapping: 0.085200 ms MarkObjects: 1.866600 ms  DeleteObjects: 0.068600 ms)

========================================================================
Received Prepare
Registering precompiled user dll's ...
Registered in 0.000632 seconds.
Begin MonoManager ReloadAssembly
Native extension for WindowsStandalone target not found
Native extension for WebGL target not found
Refreshing native plugins compatible for Editor in 0.26 ms, found 0 plugins.
Preloading 0 native plugins for Editor in 0.00 ms.
Invoked RoslynAnalysisRunner static constructor.
RoslynAnalysisRunner will not be running.
RoslynAnalysisRunner has terminated.
Mono: successfully reloaded assembly
- Completed reload, in  0.944 seconds
Platform modules already initialized, skipping
Refreshing native plugins compatible for Editor in 0.27 ms, found 0 plugins.
Preloading 0 native plugins for Editor in 0.00 ms.
Unloading 1155 Unused Serialized files (Serialized files now loaded: 0)
System memory in use before: 133.5 MB.
System memory in use after: 133.6 MB.

Unloading 5 unused Assets to reduce memory usage. Loaded Objects now: 1724.
Total: 2.049800 ms (FindLiveObjects: 0.170800 ms CreateObjectMapping: 0.063100 ms MarkObjects: 1.733400 ms  DeleteObjects: 0.081200 ms)

========================================================================
Received Prepare
Refreshing native plugins compatible for Editor in 0.76 ms, found 0 plugins.
Preloading 0 native plugins for Editor in 0.00 ms.
Unloading 3 Unused Serialized files (Serialized files now loaded: 0)
System memory in use before: 110.6 MB.
System memory in use after: 110.7 MB.

Unloading 3 unused Assets to reduce memory usage. Loaded Objects now: 1724.
Total: 4.016900 ms (FindLiveObjects: 1.550200 ms CreateObjectMapping: 0.432200 ms MarkObjects: 1.955800 ms  DeleteObjects: 0.077000 ms)

========================================================================
Received Prepare
Registering precompiled user dll's ...
Registered in 0.000755 seconds.
Begin MonoManager ReloadAssembly
Native extension for WindowsStandalone target not found
Native extension for WebGL target not found
Refreshing native plugins compatible for Editor in 0.29 ms, found 0 plugins.
Preloading 0 native plugins for Editor in 0.00 ms.
Invoked RoslynAnalysisRunner static constructor.
RoslynAnalysisRunner will not be running.
RoslynAnalysisRunner has terminated.
Mono: successfully reloaded assembly
- Completed reload, in  1.062 seconds
Platform modules already initialized, skipping
Refreshing native plugins compatible for Editor in 0.27 ms, found 0 plugins.
Preloading 0 native plugins for Editor in 0.00 ms.
Unloading 1155 Unused Serialized files (Serialized files now loaded: 0)
System memory in use before: 133.6 MB.
System memory in use after: 133.6 MB.

Unloading 5 unused Assets to reduce memory usage. Loaded Objects now: 1727.
Total: 2.521900 ms (FindLiveObjects: 0.239500 ms CreateObjectMapping: 0.239800 ms MarkObjects: 1.948100 ms  DeleteObjects: 0.093000 ms)

========================================================================
Received Prepare
Refreshing native plugins compatible for Editor in 0.79 ms, found 0 plugins.
Preloading 0 native plugins for Editor in 0.00 ms.
Unloading 3 Unused Serialized files (Serialized files now loaded: 0)
System memory in use before: 110.7 MB.
System memory in use after: 110.8 MB.

Unloading 3 unused Assets to reduce memory usage. Loaded Objects now: 1727.
Total: 5.948200 ms (FindLiveObjects: 0.187300 ms CreateObjectMapping: 3.703700 ms MarkObjects: 1.984200 ms  DeleteObjects: 0.071400 ms)

========================================================================
Received Prepare
Registering precompiled user dll's ...
Registered in 0.000662 seconds.
Begin MonoManager ReloadAssembly
Native extension for WindowsStandalone target not found
Native extension for WebGL target not found
Refreshing native plugins compatible for Editor in 0.37 ms, found 0 plugins.
Preloading 0 native plugins for Editor in 0.00 ms.
Invoked RoslynAnalysisRunner static constructor.
RoslynAnalysisRunner will not be running.
RoslynAnalysisRunner has terminated.
Mono: successfully reloaded assembly
- Completed reload, in  1.118 seconds
Platform modules already initialized, skipping
Refreshing native plugins compatible for Editor in 0.30 ms, found 0 plugins.
Preloading 0 native plugins for Editor in 0.00 ms.
Unloading 1155 Unused Serialized files (Serialized files now loaded: 0)
System memory in use before: 133.6 MB.
System memory in use after: 133.6 MB.

Unloading 5 unused Assets to reduce memory usage. Loaded Objects now: 1730.
Total: 1.896200 ms (FindLiveObjects: 0.243200 ms CreateObjectMapping: 0.053300 ms MarkObjects: 1.533000 ms  DeleteObjects: 0.065500 ms)

========================================================================
Received Prepare
Refreshing native plugins compatible for Editor in 0.87 ms, found 0 plugins.
Preloading 0 native plugins for Editor in 0.00 ms.
Unloading 3 Unused Serialized files (Serialized files now loaded: 0)
System memory in use before: 110.7 MB.
System memory in use after: 110.8 MB.

Unloading 3 unused Assets to reduce memory usage. Loaded Objects now: 1730.
Total: 1.960000 ms (FindLiveObjects: 0.170000 ms CreateObjectMapping: 0.050900 ms MarkObjects: 1.667700 ms  DeleteObjects: 0.069500 ms)

========================================================================
Received Prepare
Registering precompiled user dll's ...
Registered in 0.000697 seconds.
Begin MonoManager ReloadAssembly
Native extension for WindowsStandalone target not found
Native extension for WebGL target not found
Refreshing native plugins compatible for Editor in 0.32 ms, found 0 plugins.
Preloading 0 native plugins for Editor in 0.00 ms.
Invoked RoslynAnalysisRunner static constructor.
RoslynAnalysisRunner will not be running.
RoslynAnalysisRunner has terminated.
Mono: successfully reloaded assembly
- Completed reload, in  1.014 seconds
Platform modules already initialized, skipping
Refreshing native plugins compatible for Editor in 0.28 ms, found 0 plugins.
Preloading 0 native plugins for Editor in 0.00 ms.
Unloading 1155 Unused Serialized files (Serialized files now loaded: 0)
System memory in use before: 133.6 MB.
System memory in use after: 133.6 MB.

Unloading 5 unused Assets to reduce memory usage. Loaded Objects now: 1733.
Total: 2.079900 ms (FindLiveObjects: 0.184400 ms CreateObjectMapping: 0.046600 ms MarkObjects: 1.773300 ms  DeleteObjects: 0.074200 ms)

========================================================================
Received Prepare
Registering precompiled user dll's ...
Registered in 0.000910 seconds.
Begin MonoManager ReloadAssembly
Native extension for WindowsStandalone target not found
Native extension for WebGL target not found
Refreshing native plugins compatible for Editor in 0.73 ms, found 0 plugins.
Preloading 0 native plugins for Editor in 0.00 ms.
Invoked RoslynAnalysisRunner static constructor.
RoslynAnalysisRunner will not be running.
RoslynAnalysisRunner has terminated.
Mono: successfully reloaded assembly
- Completed reload, in  1.703 seconds
Platform modules already initialized, skipping
